<?xml version="1.0" encoding="UTF-8"?>
<!-- Generated by org.testng.reporters.JUnitReportReporter -->
<testsuite hostname="MacBook-Pro" failures="0" tests="1" name="Lab6.Lab6_Practice.Lab6_Selenium" time="11.960" errors="0" timestamp="2023-09-08T21:55:44 SGT" skipped="0">
  <testcase classname="Lab6.Lab6_Practice.Lab6_Selenium" name="TC_MyOderSearchValid" time="11.960"/>
  <system-out/>
</testsuite> <!-- Lab6.Lab6_Practice.Lab6_Selenium -->
