<?xml version="1.0" encoding="UTF-8"?>
<!-- Generated by org.testng.reporters.JUnitReportReporter -->
<testsuite hostname="MacBook-Pro" failures="0" tests="1" name="Lab6.Lab6_Practice.Example" time="7.799" errors="0" timestamp="2023-08-07T11:48:16 SGT" skipped="0">
  <testcase classname="Lab6.Lab6_Practice.Example" name="TC001_startBrowser" time="7.799"/>
  <system-out/>
</testsuite> <!-- Lab6.Lab6_Practice.Example -->
