<?xml version="1.0" encoding="UTF-8"?>
<!-- Generated by org.testng.reporters.JUnitReportReporter -->
<testsuite hostname="MacBook-Pro" failures="0" tests="1" name="Lab5.Lab5_Practice.Practice" time="3.521" errors="0" timestamp="2023-08-29T15:09:29 SGT" skipped="0">
  <testcase classname="Lab5.Lab5_Practice.Practice" name="TC_GoogleSearch" time="3.521"/>
  <system-out/>
</testsuite> <!-- Lab5.Lab5_Practice.Practice -->
