<?xml version="1.0" encoding="UTF-8"?>
<!-- Generated by org.testng.reporters.JUnitReportReporter -->
<testsuite hostname="MacBook-Pro" failures="0" tests="2" name="Lab5.Lab5_Practice.Example" time="7.735" errors="0" timestamp="2023-08-05T17:10:12 SGT" skipped="0">
  <testcase classname="Lab5.Lab5_Practice.Example" name="TC02" time="4.348"/>
  <system-out/>
  <testcase classname="Lab5.Lab5_Practice.Example" name="TC01" time="3.387"/>
  <system-out/>
</testsuite> <!-- Lab5.Lab5_Practice.Example -->
