<?xml version="1.0" encoding="UTF-8"?>
<!-- Generated by org.testng.reporters.JUnitReportReporter -->
<testsuite hostname="MacBook-Pro" failures="0" tests="2" name="lab7_SELENIUM_Testcases.Testcase" time="40.854" errors="0" timestamp="2023-09-11T22:05:00 SGT" skipped="0">
  <testcase classname="lab7_SELENIUM_Testcases.Testcase" name="TC01_LoginFirstAccount" time="20.413"/>
  <system-out/>
  <testcase classname="lab7_SELENIUM_Testcases.Testcase" name="TC02_LoginSecondAccount" time="20.441"/>
  <system-out/>
</testsuite> <!-- lab7_SELENIUM_Testcases.Testcase -->
