<?xml version="1.0" encoding="UTF-8"?>
<!-- Generated by org.testng.reporters.JUnitReportReporter -->
<testsuite hostname="MacBook-Pro" failures="0" tests="1" name="Lab7.Lab7_SELENIUM.AppTest" time="0.002" errors="0" timestamp="2023-09-08T21:13:58 SGT" skipped="0">
  <testcase classname="Lab7.Lab7_SELENIUM.AppTest" name="testApp" time="0.002"/>
  <system-out/>
</testsuite> <!-- Lab7.Lab7_SELENIUM.AppTest -->
